<?xml version="1.0" encoding="UTF-8"?>
<robot generator="Robot 5.0.1 (Python 3.10.7 on win32)" generated="20221106 17:58:38.048" rpa="false" schemaversion="3">
<suite id="s1" name="Regress test czc" source="C:\Users\J5200\PycharmProjects\WebTestAutomation\Regress_test_czc.robot">
<test id="s1-t1" name="Negative Login" line="12">
<kw name="Wrong Login/Password">
<arg>KuciJir1</arg>
<arg>KuciJiri1</arg>
<arg>KuciJiri</arg>
<arg>KuciJiri</arg>
<kw name="New Browser" library="Browser">
<arg>chromium</arg>
<arg>headless=false</arg>
<tag>BrowserControl</tag>
<tag>Setter</tag>
<doc>Create a new playwright Browser with specified options.</doc>
<msg timestamp="20221106 17:58:38.753" level="INFO">{"browser": "chromium", "headless": false, "handleSIGINT": true, "handleSIGTERM": true, "handleSIGHUP": true, "timeout": 30000.0, "devtools": false, "slowMo": 0.0, "tracesDir": "C:\\Users\\J5200\\PycharmProjects\\WebTestAutomation\\browser\\traces\\0dde3152-bb35-4cdb-8eab-24ea279ec5d5"}</msg>
<msg timestamp="20221106 17:58:39.055" level="INFO">Successfully created browser with options: {"browser":"chromium","headless":false,"handleSIGINT":true,"handleSIGTERM":true,"handleSIGHUP":true,"timeout":30000,"devtools":false,"slowMo":0,"tracesDir":"C:\\Users\\J5200\\PycharmProjects\\WebTestAutomation\\browser\\traces\\0dde3152-bb35-4cdb-8eab-24ea279ec5d5"}</msg>
<status status="PASS" starttime="20221106 17:58:38.753" endtime="20221106 17:58:39.055"/>
</kw>
<kw name="New Page" library="Browser">
<arg>${url}</arg>
<tag>BrowserControl</tag>
<tag>Setter</tag>
<doc>Open a new Page.</doc>
<msg timestamp="20221106 17:58:40.473" level="INFO">Successfully initialized new page object and opened url: https://www.czc.cz/</msg>
<msg timestamp="20221106 17:58:40.473" level="INFO">No context was open. New context was automatically opened when this page is created.</msg>
<status status="PASS" starttime="20221106 17:58:39.055" endtime="20221106 17:58:40.473"/>
</kw>
<kw name="Get Title" library="Browser">
<arg>==</arg>
<arg>CZC.cz - rozumíme vám i elektronice</arg>
<tag>Assertion</tag>
<tag>Getter</tag>
<tag>PageContent</tag>
<doc>Returns the title of the current page.</doc>
<status status="PASS" starttime="20221106 17:58:40.473" endtime="20221106 17:58:40.514"/>
</kw>
<kw name="Cookies">
<arg>AcceptAll</arg>
<if>
<branch type="IF" condition="&quot;${type}&quot; == &quot;AcceptAll&quot;">
<kw name="Click" library="Browser">
<arg>xpath=//*[@id="ccp-popup"]/div/div[2]/button[3]</arg>
<tag>PageContent</tag>
<tag>Setter</tag>
<doc>Simulates mouse click on the element found by ``selector``.</doc>
<status status="PASS" starttime="20221106 17:58:40.514" endtime="20221106 17:58:40.602"/>
</kw>
<status status="PASS" starttime="20221106 17:58:40.514" endtime="20221106 17:58:40.602"/>
</branch>
<branch type="ELSE">
<kw name="Click" library="Browser">
<arg>xpath=//*[@id="ccp-popup"]/div/button</arg>
<tag>PageContent</tag>
<tag>Setter</tag>
<doc>Simulates mouse click on the element found by ``selector``.</doc>
<status status="NOT RUN" starttime="20221106 17:58:40.602" endtime="20221106 17:58:40.602"/>
</kw>
<status status="NOT RUN" starttime="20221106 17:58:40.602" endtime="20221106 17:58:40.602"/>
</branch>
<status status="PASS" starttime="20221106 17:58:40.514" endtime="20221106 17:58:40.602"/>
</if>
<status status="PASS" starttime="20221106 17:58:40.514" endtime="20221106 17:58:40.602"/>
</kw>
<kw name="Click" library="Browser">
<arg>id=login</arg>
<tag>PageContent</tag>
<tag>Setter</tag>
<doc>Simulates mouse click on the element found by ``selector``.</doc>
<status status="PASS" starttime="20221106 17:58:40.602" endtime="20221106 17:58:41.860"/>
</kw>
<kw name="Type Text" library="Browser">
<arg>id=frm-name</arg>
<arg>${Fsurname}</arg>
<tag>PageContent</tag>
<tag>Setter</tag>
<doc>Types the given ``txt`` into the text field found by ``selector``.</doc>
<msg timestamp="20221106 17:58:41.860" level="INFO">Types the text 'KuciJir1' in the given field.</msg>
<status status="PASS" starttime="20221106 17:58:41.860" endtime="20221106 17:58:42.340"/>
</kw>
<kw name="Type Text" library="Browser">
<arg>id=frm-password</arg>
<arg>${password}</arg>
<tag>PageContent</tag>
<tag>Setter</tag>
<doc>Types the given ``txt`` into the text field found by ``selector``.</doc>
<msg timestamp="20221106 17:58:42.340" level="INFO">Types the text 'KuciJiri1' in the given field.</msg>
<status status="PASS" starttime="20221106 17:58:42.340" endtime="20221106 17:58:42.480"/>
</kw>
<kw name="Click" library="Browser">
<arg>xpath=//*[@id="login-form"]/div[4]/button</arg>
<tag>PageContent</tag>
<tag>Setter</tag>
<doc>Simulates mouse click on the element found by ``selector``.</doc>
<status status="PASS" starttime="20221106 17:58:42.480" endtime="20221106 17:58:42.609"/>
</kw>
<kw name="Get Text" library="Browser">
<arg>xpath=//*[@id="login-form"]/div[1]/span[2]</arg>
<arg>==</arg>
<arg>Nesprávné přihlašovací jméno</arg>
<tag>Assertion</tag>
<tag>Getter</tag>
<tag>PageContent</tag>
<doc>Returns text attribute of the element found by ``selector``.</doc>
<status status="PASS" starttime="20221106 17:58:42.609" endtime="20221106 17:58:42.714"/>
</kw>
<kw name="Clear Text" library="Browser">
<arg>id=frm-name</arg>
<tag>PageContent</tag>
<tag>Setter</tag>
<doc>Clears the text field found by ``selector``.</doc>
<status status="PASS" starttime="20221106 17:58:42.714" endtime="20221106 17:58:42.741"/>
</kw>
<kw name="Type Text" library="Browser">
<arg>id=frm-name</arg>
<arg>${surname}</arg>
<tag>PageContent</tag>
<tag>Setter</tag>
<doc>Types the given ``txt`` into the text field found by ``selector``.</doc>
<msg timestamp="20221106 17:58:42.741" level="INFO">Types the text 'KuciJiri' in the given field.</msg>
<status status="PASS" starttime="20221106 17:58:42.741" endtime="20221106 17:58:42.782"/>
</kw>
<kw name="Type Text" library="Browser">
<arg>id=frm-password</arg>
<arg>${Fpassword}</arg>
<tag>PageContent</tag>
<tag>Setter</tag>
<doc>Types the given ``txt`` into the text field found by ``selector``.</doc>
<msg timestamp="20221106 17:58:42.782" level="INFO">Types the text 'KuciJiri' in the given field.</msg>
<status status="PASS" starttime="20221106 17:58:42.782" endtime="20221106 17:58:42.846"/>
</kw>
<kw name="Click" library="Browser">
<arg>xpath=//*[@id="login-form"]/div[4]/button</arg>
<tag>PageContent</tag>
<tag>Setter</tag>
<doc>Simulates mouse click on the element found by ``selector``.</doc>
<status status="PASS" starttime="20221106 17:58:42.846" endtime="20221106 17:58:42.942"/>
</kw>
<kw name="Get Text" library="Browser">
<arg>xpath=//*[@id="login-form"]/div[2]/span[2]</arg>
<arg>==</arg>
<arg>Nesprávné heslo</arg>
<tag>Assertion</tag>
<tag>Getter</tag>
<tag>PageContent</tag>
<doc>Returns text attribute of the element found by ``selector``.</doc>
<msg timestamp="20221106 17:58:44.244" level="INFO" html="true">&lt;/td&gt;&lt;/tr&gt;&lt;tr&gt;&lt;td colspan="3"&gt;&lt;a href="browser/screenshot/fail-screenshot-1.png"&gt;&lt;img src="browser/screenshot/fail-screenshot-1.png" width="800px"&gt;&lt;/a&gt;</msg>
<msg timestamp="20221106 17:58:44.245" level="FAIL">Text '' (str) should be 'Nesprávné heslo' (str)</msg>
<status status="FAIL" starttime="20221106 17:58:42.943" endtime="20221106 17:58:44.246"/>
</kw>
<kw name="Clear Text" library="Browser">
<arg>id=frm-password</arg>
<tag>PageContent</tag>
<tag>Setter</tag>
<doc>Clears the text field found by ``selector``.</doc>
<status status="NOT RUN" starttime="20221106 17:58:44.246" endtime="20221106 17:58:44.246"/>
</kw>
<kw name="Click" library="Browser">
<arg>xpath=//*[@id="popup-login"]/div/button</arg>
<tag>PageContent</tag>
<tag>Setter</tag>
<doc>Simulates mouse click on the element found by ``selector``.</doc>
<status status="NOT RUN" starttime="20221106 17:58:44.246" endtime="20221106 17:58:44.246"/>
</kw>
<status status="FAIL" starttime="20221106 17:58:38.753" endtime="20221106 17:58:44.247"/>
</kw>
<status status="FAIL" starttime="20221106 17:58:38.753" endtime="20221106 17:58:44.247">Text '' (str) should be 'Nesprávné heslo' (str)</status>
</test>
<test id="s1-t2" name="Positive Login" line="17">
<kw name="Successful Login">
<arg>KuciJiri</arg>
<arg>KuciJiri1</arg>
<arg>Jirka Kucera (KuciJiri)</arg>
<kw name="New Browser" library="Browser">
<arg>chromium</arg>
<arg>headless=false</arg>
<tag>BrowserControl</tag>
<tag>Setter</tag>
<doc>Create a new playwright Browser with specified options.</doc>
<msg timestamp="20221106 17:58:44.331" level="INFO">{"browser": "chromium", "headless": false, "handleSIGINT": true, "handleSIGTERM": true, "handleSIGHUP": true, "timeout": 30000.0, "devtools": false, "slowMo": 0.0, "tracesDir": "C:\\Users\\J5200\\PycharmProjects\\WebTestAutomation\\browser\\traces\\ee4299c4-5b43-4658-a4d4-1c6c4a96abb9"}</msg>
<msg timestamp="20221106 17:58:44.616" level="INFO">Successfully created browser with options: {"browser":"chromium","headless":false,"handleSIGINT":true,"handleSIGTERM":true,"handleSIGHUP":true,"timeout":30000,"devtools":false,"slowMo":0,"tracesDir":"C:\\Users\\J5200\\PycharmProjects\\WebTestAutomation\\browser\\traces\\ee4299c4-5b43-4658-a4d4-1c6c4a96abb9"}</msg>
<status status="PASS" starttime="20221106 17:58:44.331" endtime="20221106 17:58:44.616"/>
</kw>
<kw name="New Page" library="Browser">
<arg>${url}</arg>
<tag>BrowserControl</tag>
<tag>Setter</tag>
<doc>Open a new Page.</doc>
<msg timestamp="20221106 17:58:46.808" level="INFO">Successfully initialized new page object and opened url: https://www.czc.cz/</msg>
<msg timestamp="20221106 17:58:46.808" level="INFO">No context was open. New context was automatically opened when this page is created.</msg>
<status status="PASS" starttime="20221106 17:58:44.616" endtime="20221106 17:58:46.808"/>
</kw>
<kw name="Get Title" library="Browser">
<arg>==</arg>
<arg>CZC.cz - rozumíme vám i elektronice</arg>
<tag>Assertion</tag>
<tag>Getter</tag>
<tag>PageContent</tag>
<doc>Returns the title of the current page.</doc>
<status status="PASS" starttime="20221106 17:58:46.808" endtime="20221106 17:58:46.816"/>
</kw>
<kw name="Cookies">
<arg>AcceptAll</arg>
<if>
<branch type="IF" condition="&quot;${type}&quot; == &quot;AcceptAll&quot;">
<kw name="Click" library="Browser">
<arg>xpath=//*[@id="ccp-popup"]/div/div[2]/button[3]</arg>
<tag>PageContent</tag>
<tag>Setter</tag>
<doc>Simulates mouse click on the element found by ``selector``.</doc>
<status status="PASS" starttime="20221106 17:58:46.817" endtime="20221106 17:58:46.898"/>
</kw>
<status status="PASS" starttime="20221106 17:58:46.817" endtime="20221106 17:58:46.898"/>
</branch>
<branch type="ELSE">
<kw name="Click" library="Browser">
<arg>xpath=//*[@id="ccp-popup"]/div/button</arg>
<tag>PageContent</tag>
<tag>Setter</tag>
<doc>Simulates mouse click on the element found by ``selector``.</doc>
<status status="NOT RUN" starttime="20221106 17:58:46.898" endtime="20221106 17:58:46.898"/>
</kw>
<status status="NOT RUN" starttime="20221106 17:58:46.898" endtime="20221106 17:58:46.898"/>
</branch>
<status status="PASS" starttime="20221106 17:58:46.817" endtime="20221106 17:58:46.898"/>
</if>
<status status="PASS" starttime="20221106 17:58:46.816" endtime="20221106 17:58:46.898"/>
</kw>
<kw name="Click" library="Browser">
<arg>id=login</arg>
<tag>PageContent</tag>
<tag>Setter</tag>
<doc>Simulates mouse click on the element found by ``selector``.</doc>
<status status="PASS" starttime="20221106 17:58:46.898" endtime="20221106 17:58:47.879"/>
</kw>
<kw name="Type Text" library="Browser">
<arg>id=frm-name</arg>
<arg>${surname}</arg>
<tag>PageContent</tag>
<tag>Setter</tag>
<doc>Types the given ``txt`` into the text field found by ``selector``.</doc>
<msg timestamp="20221106 17:58:47.880" level="INFO">Types the text 'KuciJiri' in the given field.</msg>
<status status="PASS" starttime="20221106 17:58:47.879" endtime="20221106 17:58:48.208"/>
</kw>
<kw name="Type Text" library="Browser">
<arg>id=frm-password</arg>
<arg>${password}</arg>
<tag>PageContent</tag>
<tag>Setter</tag>
<doc>Types the given ``txt`` into the text field found by ``selector``.</doc>
<msg timestamp="20221106 17:58:48.208" level="INFO">Types the text 'KuciJiri1' in the given field.</msg>
<status status="PASS" starttime="20221106 17:58:48.208" endtime="20221106 17:58:48.362"/>
</kw>
<kw name="Click" library="Browser">
<arg>xpath=//*[@id="login-form"]/div[4]/button</arg>
<tag>PageContent</tag>
<tag>Setter</tag>
<doc>Simulates mouse click on the element found by ``selector``.</doc>
<status status="PASS" starttime="20221106 17:58:48.362" endtime="20221106 17:58:48.490"/>
</kw>
<kw name="Sleep" library="BuiltIn">
<arg>1</arg>
<doc>Pauses the test executed for the given time.</doc>
<msg timestamp="20221106 17:58:49.498" level="INFO">Slept 1 second</msg>
<status status="PASS" starttime="20221106 17:58:48.490" endtime="20221106 17:58:49.498"/>
</kw>
<kw name="Get Text" library="Browser">
<arg>id=logged-user</arg>
<arg>==</arg>
<arg>${check}</arg>
<tag>Assertion</tag>
<tag>Getter</tag>
<tag>PageContent</tag>
<doc>Returns text attribute of the element found by ``selector``.</doc>
<status status="PASS" starttime="20221106 17:58:49.498" endtime="20221106 17:58:53.179"/>
</kw>
<status status="PASS" starttime="20221106 17:58:44.331" endtime="20221106 17:58:53.179"/>
</kw>
<kw name="Logout">
<kw name="Click" library="Browser">
<arg>xpath=//*[@id="logged-user"]</arg>
<tag>PageContent</tag>
<tag>Setter</tag>
<doc>Simulates mouse click on the element found by ``selector``.</doc>
<status status="PASS" starttime="20221106 17:58:53.179" endtime="20221106 17:58:53.397"/>
</kw>
<kw name="Click" library="Browser">
<arg>xpath=//*[@id="blue-menu-wrapper"]/ul[2]/li[2]/div/div[2]/a[1]</arg>
<tag>PageContent</tag>
<tag>Setter</tag>
<doc>Simulates mouse click on the element found by ``selector``.</doc>
<status status="PASS" starttime="20221106 17:58:53.397" endtime="20221106 17:58:53.663"/>
</kw>
<kw name="Get Text" library="Browser">
<arg>xpath=//*[@id="login"]</arg>
<arg>==</arg>
<arg>Přihlášení</arg>
<tag>Assertion</tag>
<tag>Getter</tag>
<tag>PageContent</tag>
<doc>Returns text attribute of the element found by ``selector``.</doc>
<status status="PASS" starttime="20221106 17:58:53.663" endtime="20221106 17:58:54.153"/>
</kw>
<status status="PASS" starttime="20221106 17:58:53.179" endtime="20221106 17:58:54.153"/>
</kw>
<status status="PASS" starttime="20221106 17:58:44.329" endtime="20221106 17:58:54.153"/>
</test>
<status status="FAIL" starttime="20221106 17:58:38.048" endtime="20221106 17:58:54.231"/>
</suite>
<statistics>
<total>
<stat pass="1" fail="1" skip="0">All Tests</stat>
</total>
<tag>
</tag>
<suite>
<stat pass="1" fail="1" skip="0" id="s1" name="Regress test czc">Regress test czc</stat>
</suite>
</statistics>
<errors>
</errors>
</robot>
