<?xml version="1.0" encoding="UTF-8"?>
<robot generator="Robot 5.0.1 (Python 3.10.7 on win32)" generated="20221111 13:00:33.689" rpa="false" schemaversion="3">
<suite id="s1" name="Regress test czc" source="C:\Users\J5200\PycharmProjects\WebTestAutomation\czc\Regress_test_czc.robot">
<test id="s1-t1" name="Add and remove items in Basket" line="27">
<kw name="Successful Login">
<arg>KuciJiri</arg>
<arg>KuciJiri1</arg>
<arg>Jirka Kucera (KuciJiri)</arg>
<kw name="New Browser" library="Browser">
<arg>chromium</arg>
<arg>headless=false</arg>
<tag>BrowserControl</tag>
<tag>Setter</tag>
<doc>Create a new playwright Browser with specified options.</doc>
<msg timestamp="20221111 13:00:34.495" level="INFO">{"browser": "chromium", "headless": false, "handleSIGINT": true, "handleSIGTERM": true, "handleSIGHUP": true, "timeout": 30000.0, "devtools": false, "slowMo": 0.0, "tracesDir": "C:\\Users\\J5200\\PycharmProjects\\WebTestAutomation\\czc\\browser\\traces\\48e0499a-c063-4669-8e84-20d28f81d17e"}</msg>
<msg timestamp="20221111 13:00:34.752" level="INFO">Successfully created browser with options: {"browser":"chromium","headless":false,"handleSIGINT":true,"handleSIGTERM":true,"handleSIGHUP":true,"timeout":30000,"devtools":false,"slowMo":0,"tracesDir":"C:\\Users\\J5200\\PycharmProjects\\WebTestAutomation\\czc\\browser\\traces\\48e0499a-c063-4669-8e84-20d28f81d17e"}</msg>
<status status="PASS" starttime="20221111 13:00:34.495" endtime="20221111 13:00:34.752"/>
</kw>
<kw name="New Page" library="Browser">
<arg>${url}</arg>
<tag>BrowserControl</tag>
<tag>Setter</tag>
<doc>Open a new Page.</doc>
<msg timestamp="20221111 13:00:35.977" level="INFO">Successfully initialized new page object and opened url: https://www.czc.cz/</msg>
<msg timestamp="20221111 13:00:35.977" level="INFO">No context was open. New context was automatically opened when this page is created.</msg>
<status status="PASS" starttime="20221111 13:00:34.752" endtime="20221111 13:00:35.977"/>
</kw>
<kw name="Get Title" library="Browser">
<arg>==</arg>
<arg>CZC.cz - rozumíme vám i elektronice</arg>
<tag>Assertion</tag>
<tag>Getter</tag>
<tag>PageContent</tag>
<doc>Returns the title of the current page.</doc>
<status status="PASS" starttime="20221111 13:00:35.977" endtime="20221111 13:00:36.006"/>
</kw>
<kw name="Cookies">
<arg>AcceptAll</arg>
<if>
<branch type="IF" condition="&quot;${type}&quot; == &quot;AcceptAll&quot;">
<kw name="Click" library="Browser">
<arg>xpath=//*[@id="ccp-popup"]/div/div[2]/button[3]</arg>
<tag>PageContent</tag>
<tag>Setter</tag>
<doc>Simulates mouse click on the element found by ``selector``.</doc>
<status status="PASS" starttime="20221111 13:00:36.007" endtime="20221111 13:00:36.085"/>
</kw>
<status status="PASS" starttime="20221111 13:00:36.007" endtime="20221111 13:00:36.085"/>
</branch>
<branch type="ELSE">
<kw name="Click" library="Browser">
<arg>xpath=//*[@id="ccp-popup"]/div/button</arg>
<tag>PageContent</tag>
<tag>Setter</tag>
<doc>Simulates mouse click on the element found by ``selector``.</doc>
<status status="NOT RUN" starttime="20221111 13:00:36.085" endtime="20221111 13:00:36.085"/>
</kw>
<status status="NOT RUN" starttime="20221111 13:00:36.085" endtime="20221111 13:00:36.085"/>
</branch>
<status status="PASS" starttime="20221111 13:00:36.007" endtime="20221111 13:00:36.085"/>
</if>
<status status="PASS" starttime="20221111 13:00:36.007" endtime="20221111 13:00:36.085"/>
</kw>
<kw name="Click" library="Browser">
<arg>id=login</arg>
<tag>PageContent</tag>
<tag>Setter</tag>
<doc>Simulates mouse click on the element found by ``selector``.</doc>
<status status="PASS" starttime="20221111 13:00:36.085" endtime="20221111 13:00:36.921"/>
</kw>
<kw name="Type Text" library="Browser">
<arg>id=frm-name</arg>
<arg>${surname}</arg>
<tag>PageContent</tag>
<tag>Setter</tag>
<doc>Types the given ``txt`` into the text field found by ``selector``.</doc>
<msg timestamp="20221111 13:00:36.922" level="INFO">Types the text 'KuciJiri' in the given field.</msg>
<status status="PASS" starttime="20221111 13:00:36.921" endtime="20221111 13:00:37.170"/>
</kw>
<kw name="Type Text" library="Browser">
<arg>id=frm-password</arg>
<arg>${password}</arg>
<tag>PageContent</tag>
<tag>Setter</tag>
<doc>Types the given ``txt`` into the text field found by ``selector``.</doc>
<msg timestamp="20221111 13:00:37.171" level="INFO">Types the text 'KuciJiri1' in the given field.</msg>
<status status="PASS" starttime="20221111 13:00:37.170" endtime="20221111 13:00:37.351"/>
</kw>
<kw name="Click" library="Browser">
<arg>xpath=//*[@id="login-form"]/div[4]/button</arg>
<tag>PageContent</tag>
<tag>Setter</tag>
<doc>Simulates mouse click on the element found by ``selector``.</doc>
<status status="PASS" starttime="20221111 13:00:37.351" endtime="20221111 13:00:37.491"/>
</kw>
<kw name="Sleep" library="BuiltIn">
<arg>1</arg>
<doc>Pauses the test executed for the given time.</doc>
<msg timestamp="20221111 13:00:38.504" level="INFO">Slept 1 second</msg>
<status status="PASS" starttime="20221111 13:00:37.491" endtime="20221111 13:00:38.504"/>
</kw>
<kw name="Get Text" library="Browser">
<arg>id=logged-user</arg>
<arg>==</arg>
<arg>${check}</arg>
<tag>Assertion</tag>
<tag>Getter</tag>
<tag>PageContent</tag>
<doc>Returns text attribute of the element found by ``selector``.</doc>
<status status="PASS" starttime="20221111 13:00:38.504" endtime="20221111 13:00:38.606"/>
</kw>
<kw name="Get Text" library="Browser">
<var>${log}</var>
<arg>id=logged-user</arg>
<tag>Assertion</tag>
<tag>Getter</tag>
<tag>PageContent</tag>
<doc>Returns text attribute of the element found by ``selector``.</doc>
<msg timestamp="20221111 13:00:38.620" level="INFO">${log} = Jirka Kucera (KuciJiri)</msg>
<status status="PASS" starttime="20221111 13:00:38.606" endtime="20221111 13:00:38.620"/>
</kw>
<kw name="Log" library="BuiltIn">
<arg>${log}</arg>
<doc>Logs the given message with the given level.</doc>
<msg timestamp="20221111 13:00:38.621" level="INFO">Jirka Kucera (KuciJiri)</msg>
<status status="PASS" starttime="20221111 13:00:38.621" endtime="20221111 13:00:38.621"/>
</kw>
<kw name="Take Screenshot" library="Browser">
<tag>PageContent</tag>
<doc>Takes a screenshot of the current window or element and saves it to disk.</doc>
<msg timestamp="20221111 13:00:38.945" level="INFO" html="true">&lt;/td&gt;&lt;/tr&gt;&lt;tr&gt;&lt;td colspan="3"&gt;&lt;a href="browser/screenshot/robotframework-browser-screenshot-1.png"&gt;&lt;img src="browser/screenshot/robotframework-browser-screenshot-1.png" width="800px"&gt;&lt;/a&gt;</msg>
<status status="PASS" starttime="20221111 13:00:38.621" endtime="20221111 13:00:38.945"/>
</kw>
<status status="PASS" starttime="20221111 13:00:34.495" endtime="20221111 13:00:38.945"/>
</kw>
<kw name="Add item">
<arg>Flash Disky</arg>
<arg>5</arg>
<kw name="Click" library="Browser">
<arg>xpath=//*[@id="fulltext"]</arg>
<tag>PageContent</tag>
<tag>Setter</tag>
<doc>Simulates mouse click on the element found by ``selector``.</doc>
<status status="PASS" starttime="20221111 13:00:38.946" endtime="20221111 13:00:39.024"/>
</kw>
<kw name="Type Text" library="Browser">
<arg>xpath=//*[@id="fulltext"]</arg>
<arg>${item}</arg>
<tag>PageContent</tag>
<tag>Setter</tag>
<doc>Types the given ``txt`` into the text field found by ``selector``.</doc>
<msg timestamp="20221111 13:00:39.024" level="INFO">Types the text 'Flash Disky' in the given field.</msg>
<status status="PASS" starttime="20221111 13:00:39.024" endtime="20221111 13:00:39.215"/>
</kw>
<kw name="Click" library="Browser">
<arg>xpath=//*[@id="wrapper"]/header/div[2]/div/div[1]/form/button</arg>
<tag>PageContent</tag>
<tag>Setter</tag>
<doc>Simulates mouse click on the element found by ``selector``.</doc>
<status status="PASS" starttime="20221111 13:00:39.215" endtime="20221111 13:00:39.693"/>
</kw>
<kw name="Sleep" library="BuiltIn">
<arg>1</arg>
<doc>Pauses the test executed for the given time.</doc>
<msg timestamp="20221111 13:00:40.706" level="INFO">Slept 1 second</msg>
<status status="PASS" starttime="20221111 13:00:39.693" endtime="20221111 13:00:40.706"/>
</kw>
<kw name="Click" library="Browser">
<arg>xpath=//*[@id="navigation-container"]/div/ul[1]/li[3]/a</arg>
<tag>PageContent</tag>
<tag>Setter</tag>
<doc>Simulates mouse click on the element found by ``selector``.</doc>
<status status="PASS" starttime="20221111 13:00:40.706" endtime="20221111 13:00:40.801"/>
</kw>
<kw name="Sleep" library="BuiltIn">
<arg>1</arg>
<doc>Pauses the test executed for the given time.</doc>
<msg timestamp="20221111 13:00:41.808" level="INFO">Slept 1 second</msg>
<status status="PASS" starttime="20221111 13:00:40.801" endtime="20221111 13:00:41.808"/>
</kw>
<kw name="Click" library="Browser">
<arg>xpath=//*[@id="tiles"]/div[1]/div[2]/div[2]/button</arg>
<tag>PageContent</tag>
<tag>Setter</tag>
<doc>Simulates mouse click on the element found by ``selector``.</doc>
<status status="PASS" starttime="20221111 13:00:41.808" endtime="20221111 13:00:41.926"/>
</kw>
<kw name="Click" library="Browser">
<arg>xpath=//*[@id="basket-preview"]/a</arg>
<tag>PageContent</tag>
<tag>Setter</tag>
<doc>Simulates mouse click on the element found by ``selector``.</doc>
<status status="PASS" starttime="20221111 13:00:41.926" endtime="20221111 13:00:42.099"/>
</kw>
<kw name="Evaluate" library="BuiltIn">
<var>${amount}</var>
<arg>${piece} - 1</arg>
<doc>Evaluates the given expression in Python and returns the result.</doc>
<msg timestamp="20221111 13:00:42.099" level="INFO">${amount} = 4</msg>
<status status="PASS" starttime="20221111 13:00:42.099" endtime="20221111 13:00:42.099"/>
</kw>
<kw name="Click" library="Browser">
<arg>css=.up</arg>
<arg>clickCount=${amount}</arg>
<tag>PageContent</tag>
<tag>Setter</tag>
<doc>Simulates mouse click on the element found by ``selector``.</doc>
<status status="PASS" starttime="20221111 13:00:42.099" endtime="20221111 13:00:42.367"/>
</kw>
<kw name="Sleep" library="BuiltIn">
<arg>1</arg>
<doc>Pauses the test executed for the given time.</doc>
<msg timestamp="20221111 13:00:43.383" level="INFO">Slept 1 second</msg>
<status status="PASS" starttime="20221111 13:00:42.367" endtime="20221111 13:00:43.383"/>
</kw>
<kw name="Take Screenshot" library="Browser">
<tag>PageContent</tag>
<doc>Takes a screenshot of the current window or element and saves it to disk.</doc>
<msg timestamp="20221111 13:00:43.566" level="INFO" html="true">&lt;/td&gt;&lt;/tr&gt;&lt;tr&gt;&lt;td colspan="3"&gt;&lt;a href="browser/screenshot/robotframework-browser-screenshot-2.png"&gt;&lt;img src="browser/screenshot/robotframework-browser-screenshot-2.png" width="800px"&gt;&lt;/a&gt;</msg>
<status status="PASS" starttime="20221111 13:00:43.384" endtime="20221111 13:00:43.567"/>
</kw>
<kw name="Click" library="Browser">
<arg>css=.btn-circle-remove</arg>
<tag>PageContent</tag>
<tag>Setter</tag>
<doc>Simulates mouse click on the element found by ``selector``.</doc>
<status status="PASS" starttime="20221111 13:00:43.567" endtime="20221111 13:00:43.655"/>
</kw>
<kw name="Timeout">
<kw name="Get Text" library="Browser">
<var>${Carttext}</var>
<arg>xpath=//*[@id="basket-visibility-container"]/div/div/h1/strong</arg>
<tag>Assertion</tag>
<tag>Getter</tag>
<tag>PageContent</tag>
<doc>Returns text attribute of the element found by ``selector``.</doc>
<msg timestamp="20221111 13:00:43.824" level="INFO">${Carttext} = košík je prázdný</msg>
<status status="PASS" starttime="20221111 13:00:43.655" endtime="20221111 13:00:43.824"/>
</kw>
<kw name="Log" library="BuiltIn">
<arg>${carttext}</arg>
<doc>Logs the given message with the given level.</doc>
<msg timestamp="20221111 13:00:43.825" level="INFO">košík je prázdný</msg>
<status status="PASS" starttime="20221111 13:00:43.825" endtime="20221111 13:00:43.825"/>
</kw>
<for flavor="IN RANGE">
<var>${i}</var>
<value>10</value>
<iter>
<var name="${i}">0</var>
<kw name="Sleep" library="BuiltIn">
<arg>200ms</arg>
<doc>Pauses the test executed for the given time.</doc>
<msg timestamp="20221111 13:00:44.039" level="INFO">Slept 200 milliseconds</msg>
<status status="PASS" starttime="20221111 13:00:43.825" endtime="20221111 13:00:44.039"/>
</kw>
<kw name="Get Text" library="Browser">
<var>${Carttext}</var>
<arg>xpath=//*[@id="basket-visibility-container"]/div/div/h1/strong</arg>
<tag>Assertion</tag>
<tag>Getter</tag>
<tag>PageContent</tag>
<doc>Returns text attribute of the element found by ``selector``.</doc>
<msg timestamp="20221111 13:00:44.053" level="INFO">${Carttext} = košík je prázdný</msg>
<status status="PASS" starttime="20221111 13:00:44.039" endtime="20221111 13:00:44.054"/>
</kw>
<kw name="Exit For Loop If" library="BuiltIn">
<arg>'košík je prázdný' in '''${Carttext}'''</arg>
<doc>Stops executing the enclosing FOR loop if the ``condition`` is true.</doc>
<msg timestamp="20221111 13:00:44.054" level="INFO">Exiting for loop altogether.</msg>
<status status="PASS" starttime="20221111 13:00:44.054" endtime="20221111 13:00:44.054"/>
</kw>
<kw name="Log" library="BuiltIn">
<arg>${Carttext}</arg>
<doc>Logs the given message with the given level.</doc>
<status status="NOT RUN" starttime="20221111 13:00:44.054" endtime="20221111 13:00:44.055"/>
</kw>
<kw name="Log" library="BuiltIn">
<arg>${i}</arg>
<doc>Logs the given message with the given level.</doc>
<status status="NOT RUN" starttime="20221111 13:00:44.055" endtime="20221111 13:00:44.055"/>
</kw>
<status status="PASS" starttime="20221111 13:00:43.825" endtime="20221111 13:00:44.055"/>
</iter>
<status status="PASS" starttime="20221111 13:00:43.825" endtime="20221111 13:00:44.055"/>
</for>
<status status="PASS" starttime="20221111 13:00:43.655" endtime="20221111 13:00:44.055"/>
</kw>
<status status="PASS" starttime="20221111 13:00:38.945" endtime="20221111 13:00:44.055"/>
</kw>
<kw name="Logout">
<kw name="Go To" library="Browser">
<arg>${url}</arg>
<tag>BrowserControl</tag>
<tag>Setter</tag>
<doc>Navigates to the given ``url``.</doc>
<msg timestamp="20221111 13:00:44.574" level="INFO">Successfully opened URL https://www.czc.cz/</msg>
<status status="PASS" starttime="20221111 13:00:44.056" endtime="20221111 13:00:44.575"/>
</kw>
<kw name="Click" library="Browser">
<arg>xpath=//*[@id="logged-user"]</arg>
<tag>PageContent</tag>
<tag>Setter</tag>
<doc>Simulates mouse click on the element found by ``selector``.</doc>
<status status="PASS" starttime="20221111 13:00:44.575" endtime="20221111 13:00:44.799"/>
</kw>
<kw name="Click" library="Browser">
<arg>xpath=//*[@id="blue-menu-wrapper"]/ul[2]/li[2]/div/div[2]/a[1]</arg>
<tag>PageContent</tag>
<tag>Setter</tag>
<doc>Simulates mouse click on the element found by ``selector``.</doc>
<status status="PASS" starttime="20221111 13:00:44.799" endtime="20221111 13:00:45.005"/>
</kw>
<kw name="Get Text" library="Browser">
<arg>xpath=//*[@id="login"]</arg>
<arg>==</arg>
<arg>Přihlášení</arg>
<tag>Assertion</tag>
<tag>Getter</tag>
<tag>PageContent</tag>
<doc>Returns text attribute of the element found by ``selector``.</doc>
<status status="PASS" starttime="20221111 13:00:45.005" endtime="20221111 13:00:45.462"/>
</kw>
<status status="PASS" starttime="20221111 13:00:44.056" endtime="20221111 13:00:45.463"/>
</kw>
<status status="PASS" starttime="20221111 13:00:34.479" endtime="20221111 13:00:45.463"/>
</test>
<status status="PASS" starttime="20221111 13:00:33.689" endtime="20221111 13:00:45.531"/>
</suite>
<statistics>
<total>
<stat pass="1" fail="0" skip="0">All Tests</stat>
</total>
<tag>
</tag>
<suite>
<stat pass="1" fail="0" skip="0" id="s1" name="Regress test czc">Regress test czc</stat>
</suite>
</statistics>
<errors>
</errors>
</robot>
